<?xml version="1.0" encoding="UTF-8"?>
<!-- Generated by org.testng.reporters.JUnitReportReporter -->
<testsuite skipped="0" hostname="dell-PC" name="artifacttdynew.artifacttdynew.Testcase001_new" tests="1" failures="0" timestamp="12 Oct 2019 09:57:13 GMT" time="22.038" errors="0">
  <testcase name="Tc001_new" time="22.038" classname="artifacttdynew.artifacttdynew.Testcase001_new"/>
</testsuite> <!-- artifacttdynew.artifacttdynew.Testcase001_new -->
